<?xml version="1.0" encoding="UTF-8" ?>
<testsuite tests="137" failures="0" name="cofre.Cucumber01Test" time="0.398" errors="0" skipped="137">
  <properties>
[...]
</properties>
  <testcase classname="Valida\u00E7\u00E3o de testes do cofre" name="Digitar \&quot;123456\&quot; testando inicializa\u00E7\u00E3o" time="0.009">
    <skipped/>
  </testcase>
  <testcase classname="Valida\u00E7\u00E3o de testes do cofre" name="Digitar \&quot;123456\&quot; testando inicializa\u00E7\u00E3o" time="0.009">
    <skipped/>
  </testcase>
  <testcase classname="Valida\u00E7\u00E3o de testes do cofre" name="Digitar \&quot;123456\&quot; testando inicializa\u00E7\u00E3o" time="0.009">
    <skipped/>
  </testcase>
  <testcase classname="Valida\u00E7\u00E3o de testes do cofre" name="Digitar \&quot;123456\&quot; testando inicializa\u00E7\u00E3o" time="0.009">
    <skipped/>
  </testcase>
  <testcase classname="Valida\u00E7\u00E3o de testes do cofre" name="Digitar \&quot;123456\&quot; testando inicializa\u00E7\u00E3o" time="0.01">
    <skipped/>
  </testcase>
  <testcase classname="Valida\u00E7\u00E3o de testes do cofre" name="Digitar \&quot;123456\&quot; testando inicializa\u00E7\u00E3o" time="0.01">
    <skipped/>
  </testcase>
  <testcase classname="Valida\u00E7\u00E3o de testes do cofre" name="Digitar \&quot;123456\&quot; testando inicializa\u00E7\u00E3o" time="0.01">
    <skipped/>
  </testcase>
  <testcase classname="Valida\u00E7\u00E3o de testes do cofre" name="Digitar \&quot;123456\&quot; testando inicializa\u00E7\u00E3o" time="0.01">
    <skipped/>
  </testcase>
  <testcase classname="Valida\u00E7\u00E3o de testes do cofre" name="Limpar display do cofre" time="0.002">
    <skipped/>
  </testcase>
  <testcase classname="Valida\u00E7\u00E3o de testes do cofre" name="Limpar display do cofre" time="0.002">
    <skipped/>
  </testcase>
  <testcase classname="Valida\u00E7\u00E3o de testes do cofre" name="Limpar display do cofre" time="0.002">
    <skipped/>
  </testcase>
  <testcase classname="Valida\u00E7\u00E3o de testes do cofre" name="Digitar qualquer valor e o cofre n\u00E3o est\u00E1 fechado" time="0.003">
    <skipped/>
  </testcase>
  <testcase classname="Valida\u00E7\u00E3o de testes do cofre" name="Digitar qualquer valor e o cofre n\u00E3o est\u00E1 fechado" time="0.003">
    <skipped/>
  </testcase>
  <testcase classname="Valida\u00E7\u00E3o de testes do cofre" name="Digitar qualquer valor e o cofre n\u00E3o est\u00E1 fechado" time="0.003">
    <skipped/>
  </testcase>
  <testcase classname="Valida\u00E7\u00E3o de testes do cofre" name="Digitar qualquer valor e o cofre n\u00E3o est\u00E1 fechado" time="0.004">
    <skipped/>
  </testcase>
  <testcase classname="Valida\u00E7\u00E3o de testes do cofre" name="Digitar qualquer valor e o cofre n\u00E3o est\u00E1 fechado" time="0.002">
    <skipped/>
  </testcase>
  <testcase classname="Valida\u00E7\u00E3o de testes do cofre" name="Digitar qualquer valor e o cofre n\u00E3o est\u00E1 fechado" time="0.003">
    <skipped/>
  </testcase>
  <testcase classname="Valida\u00E7\u00E3o de testes do cofre" name="Digitar qualquer valor e o cofre n\u00E3o est\u00E1 fechado" time="0.003">
    <skipped/>
  </testcase>
  <testcase classname="Valida\u00E7\u00E3o de testes do cofre" name="Digitar qualquer valor e o cofre n\u00E3o est\u00E1 fechado" time="0.003">
    <skipped/>
  </testcase>
  <testcase classname="Valida\u00E7\u00E3o de testes do cofre" name="Digitar numero com porta fechada" time="0.002">
    <skipped/>
  </testcase>
  <testcase classname="Valida\u00E7\u00E3o de testes do cofre" name="Digitar numero com porta fechada" time="0.002">
    <skipped/>
  </testcase>
  <testcase classname="Valida\u00E7\u00E3o de testes do cofre" name="Digitar numero com porta fechada" time="0.002">
    <skipped/>
  </testcase>
  <testcase classname="Valida\u00E7\u00E3o de testes do cofre" name="Digitar numero com porta fechada" time="0.002">
    <skipped/>
  </testcase>
  <testcase classname="Valida\u00E7\u00E3o de testes do cofre" name="Digitar numero com porta fechada" time="0.002">
    <skipped/>
  </testcase>
  <testcase classname="Valida\u00E7\u00E3o de testes do cofre" name="Digitar numero com porta fechada" time="0.002">
    <skipped/>
  </testcase>
  <testcase classname="Valida\u00E7\u00E3o de testes do cofre" name="Digitar numero com porta fechada" time="0.002">
    <skipped/>
  </testcase>
  <testcase classname="Valida\u00E7\u00E3o de testes do cofre" name="Digitar numero com porta fechada" time="0.002">
    <skipped/>
  </testcase>
  <testcase classname="Valida\u00E7\u00E3o de testes do cofre" name="Salvar senha v\u00E1lida com porta fechada e destravada" time="0.007">
    <skipped/>
  </testcase>
  <testcase classname="Valida\u00E7\u00E3o de testes do cofre" name="Salvar senha v\u00E1lida com porta fechada e destravada" time="0.007">
    <skipped/>
  </testcase>
  <testcase classname="Valida\u00E7\u00E3o de testes do cofre" name="Salvar senha v\u00E1lida com porta fechada e destravada" time="0.007">
    <skipped/>
  </testcase>
  <testcase classname="Valida\u00E7\u00E3o de testes do cofre" name="Salvar senha v\u00E1lida com porta fechada e destravada" time="0.007">
    <skipped/>
  </testcase>
  <testcase classname="Valida\u00E7\u00E3o de testes do cofre" name="Salvar senha v\u00E1lida com porta fechada e destravada" time="0.007">
    <skipped/>
  </testcase>
  <testcase classname="Valida\u00E7\u00E3o de testes do cofre" name="Salvar senha v\u00E1lida com porta fechada e destravada" time="0.007">
    <skipped/>
  </testcase>
  <testcase classname="Valida\u00E7\u00E3o de testes do cofre" name="Salvar senha v\u00E1lida com porta fechada e destravada" time="0.008">
    <skipped/>
  </testcase>
  <testcase classname="Valida\u00E7\u00E3o de testes do cofre" name="Salvar senha v\u00E1lida com porta fechada e destravada" time="0.008">
    <skipped/>
  </testcase>
  <testcase classname="Valida\u00E7\u00E3o de testes do cofre" name="Salvar senha v\u00E1lida com porta fechada e destravada" time="0.008">
    <skipped/>
  </testcase>
  <testcase classname="Valida\u00E7\u00E3o de testes do cofre" name="Salvar senha v\u00E1lida com porta fechada e destravada" time="0.008">
    <skipped/>
  </testcase>
  <testcase classname="Valida\u00E7\u00E3o de testes do cofre" name="Salvar senha v\u00E1lida com porta fechada e destravada" time="0.008">
    <skipped/>
  </testcase>
  <testcase classname="Valida\u00E7\u00E3o de testes do cofre" name="Salvar senha v\u00E1lida com porta fechada e destravada" time="0.008">
    <skipped/>
  </testcase>
  <testcase classname="Valida\u00E7\u00E3o de testes do cofre" name="Salvar senha v\u00E1lida com porta fechada e destravada" time="0.008">
    <skipped/>
  </testcase>
  <testcase classname="Valida\u00E7\u00E3o de testes do cofre" name="Salvar senha v\u00E1lida com porta fechada e destravada" time="0.008">
    <skipped/>
  </testcase>
  <testcase classname="Valida\u00E7\u00E3o de testes do cofre" name="Salvar senha v\u00E1lida com porta fechada e destravada" time="0.009">
    <skipped/>
  </testcase>
  <testcase classname="Valida\u00E7\u00E3o de testes do cofre" name="Salvar senha v\u00E1lida com porta fechada e destravada" time="0.009">
    <skipped/>
  </testcase>
  <testcase classname="Valida\u00E7\u00E3o de testes do cofre" name="Salvar senha v\u00E1lida com porta fechada e destravada" time="0.009">
    <skipped/>
  </testcase>
  <testcase classname="Valida\u00E7\u00E3o de testes do cofre" name="Salvar senha v\u00E1lida com porta fechada e destravada" time="0.009">
    <skipped/>
  </testcase>
  <testcase classname="Valida\u00E7\u00E3o de testes do cofre" name="Digitar numero com menos de 6 digitos no cofre" time="0.003">
    <skipped/>
  </testcase>
  <testcase classname="Valida\u00E7\u00E3o de testes do cofre" name="Digitar numero com menos de 6 digitos no cofre" time="0.003">
    <skipped/>
  </testcase>
  <testcase classname="Valida\u00E7\u00E3o de testes do cofre" name="Digitar numero com menos de 6 digitos no cofre" time="0.004">
    <skipped/>
  </testcase>
  <testcase classname="Valida\u00E7\u00E3o de testes do cofre" name="Digitar numero com menos de 6 digitos no cofre" time="0.004">
    <skipped/>
  </testcase>
  <testcase classname="Valida\u00E7\u00E3o de testes do cofre" name="Digitar numero com menos de 6 digitos no cofre" time="0.009">
    <skipped/>
  </testcase>
  <testcase classname="Valida\u00E7\u00E3o de testes do cofre" name="Digitar numero com menos de 6 digitos no cofre" time="0.009">
    <skipped/>
  </testcase>
  <testcase classname="Valida\u00E7\u00E3o de testes do cofre" name="Digitar numero porta fechada e depois abrir e digitar" time="0.003">
    <skipped/>
  </testcase>
  <testcase classname="Valida\u00E7\u00E3o de testes do cofre" name="Digitar numero porta fechada e depois abrir e digitar" time="0.003">
    <skipped/>
  </testcase>
  <testcase classname="Valida\u00E7\u00E3o de testes do cofre" name="Digitar numero porta fechada e depois abrir e digitar" time="0.003">
    <skipped/>
  </testcase>
  <testcase classname="Valida\u00E7\u00E3o de testes do cofre" name="Digitar numero porta fechada e depois abrir e digitar" time="0.003">
    <skipped/>
  </testcase>
  <testcase classname="Valida\u00E7\u00E3o de testes do cofre" name="Digitar numero porta fechada e depois abrir e digitar" time="0.003">
    <skipped/>
  </testcase>
  <testcase classname="Valida\u00E7\u00E3o de testes do cofre" name="Digitar numero porta fechada e depois abrir e digitar" time="0.003">
    <skipped/>
  </testcase>
  <testcase classname="Valida\u00E7\u00E3o de testes do cofre" name="Digitar numero porta fechada e depois abrir e digitar" time="0.003">
    <skipped/>
  </testcase>
  <testcase classname="Valida\u00E7\u00E3o de testes do cofre" name="Digitar numero porta fechada e depois abrir e digitar" time="0.003">
    <skipped/>
  </testcase>
  <testcase classname="Valida\u00E7\u00E3o de testes do cofre" name="Digitar numero porta fechada e depois abrir e digitar" time="0.003">
    <skipped/>
  </testcase>
  <testcase classname="Valida\u00E7\u00E3o de testes do cofre" name="Digitar numero porta fechada e depois abrir e digitar" time="0.004">
    <skipped/>
  </testcase>
  <testcase classname="Travado" name="inserir senha invalida" time="0.014">
    <skipped/>
  </testcase>
  <testcase classname="Travado" name="inserir senha invalida" time="0.015">
    <skipped/>
  </testcase>
  <testcase classname="Travado" name="inserir senha invalida" time="0.015">
    <skipped/>
  </testcase>
  <testcase classname="Travado" name="inserir senha invalida" time="0.015">
    <skipped/>
  </testcase>
  <testcase classname="Travado" name="inserir senha invalida" time="0.015">
    <skipped/>
  </testcase>
  <testcase classname="Travado" name="inserir senha invalida" time="0.016">
    <skipped/>
  </testcase>
  <testcase classname="Travado" name="inserir senha invalida" time="0.016">
    <skipped/>
  </testcase>
  <testcase classname="Travado" name="inserir senha invalida" time="0.016">
    <skipped/>
  </testcase>
  <testcase classname="Travado" name="inserir senha invalida" time="0.016">
    <skipped/>
  </testcase>
  <testcase classname="Travado" name="inserir senha invalida" time="0.016">
    <skipped/>
  </testcase>
  <testcase classname="Travado" name="inserir senha invalida" time="0.016">
    <skipped/>
  </testcase>
  <testcase classname="Travado" name="inserir senha com menos de 6 digitos" time="0.008">
    <skipped/>
  </testcase>
  <testcase classname="Travado" name="inserir senha com menos de 6 digitos" time="0.008">
    <skipped/>
  </testcase>
  <testcase classname="Travado" name="inserir senha com menos de 6 digitos" time="0.008">
    <skipped/>
  </testcase>
  <testcase classname="Travado" name="inserir senha com menos de 6 digitos" time="0.008">
    <skipped/>
  </testcase>
  <testcase classname="Travado" name="inserir senha com menos de 6 digitos" time="0.008">
    <skipped/>
  </testcase>
  <testcase classname="Travado" name="inserir senha com menos de 6 digitos" time="0.008">
    <skipped/>
  </testcase>
  <testcase classname="Travado" name="inserir senha com menos de 6 digitos" time="0.008">
    <skipped/>
  </testcase>
  <testcase classname="Travado" name="inserir senha com menos de 6 digitos" time="0.008">
    <skipped/>
  </testcase>
  <testcase classname="Travado" name="inserir senha com menos de 6 digitos" time="0.008">
    <skipped/>
  </testcase>
  <testcase classname="Travado" name="inserir senha com menos de 6 digitos" time="0.009">
    <skipped/>
  </testcase>
  <testcase classname="Travado" name="inserir senha correta" time="0.011">
    <skipped/>
  </testcase>
  <testcase classname="Travado" name="inserir senha correta" time="0.011">
    <skipped/>
  </testcase>
  <testcase classname="Travado" name="inserir senha correta" time="0.011">
    <skipped/>
  </testcase>
  <testcase classname="Travado" name="inserir senha correta" time="0.011">
    <skipped/>
  </testcase>
  <testcase classname="Travado" name="inserir senha correta" time="0.013">
    <skipped/>
  </testcase>
  <testcase classname="Travado" name="inserir senha correta" time="0.013">
    <skipped/>
  </testcase>
  <testcase classname="Travado" name="inserir senha correta" time="0.013">
    <skipped/>
  </testcase>
  <testcase classname="Travado" name="inserir senha correta" time="0.013">
    <skipped/>
  </testcase>
  <testcase classname="Travado" name="inserir senha correta" time="0.013">
    <skipped/>
  </testcase>
  <testcase classname="Travado" name="inserir senha correta" time="0.013">
    <skipped/>
  </testcase>
  <testcase classname="Travado" name="inserir senha correta" time="0.013">
    <skipped/>
  </testcase>
  <testcase classname="Travado" name="inserir senha em branco" time="0.002">
    <skipped/>
  </testcase>
  <testcase classname="Travado" name="inserir senha em branco" time="0.002">
    <skipped/>
  </testcase>
  <testcase classname="Travado" name="inserir senha em branco" time="0.002">
    <skipped/>
  </testcase>
  <testcase classname="Travado" name="inserir senha em branco" time="0.002">
    <skipped/>
  </testcase>
  <testcase classname="Travado" name="inserir senha em branco" time="0.002">
    <skipped/>
  </testcase>
  <testcase classname="Travado" name="inserir senha com mais de 6 digitos" time="0.005">
    <skipped/>
  </testcase>
  <testcase classname="Travado" name="inserir senha com mais de 6 digitos" time="0.005">
    <skipped/>
  </testcase>
  <testcase classname="Travado" name="inserir senha com mais de 6 digitos" time="0.005">
    <skipped/>
  </testcase>
  <testcase classname="Travado" name="inserir senha com mais de 6 digitos" time="0.005">
    <skipped/>
  </testcase>
  <testcase classname="Travado" name="inserir senha com mais de 6 digitos" time="0.005">
    <skipped/>
  </testcase>
  <testcase classname="Travado" name="inserir senha com mais de 6 digitos" time="0.005">
    <skipped/>
  </testcase>
  <testcase classname="Travado" name="inserir senha com mais de 6 digitos" time="0.005">
    <skipped/>
  </testcase>
  <testcase classname="Travado" name="inserir senha com mais de 6 digitos" time="0.005">
    <skipped/>
  </testcase>
  <testcase classname="Travado" name="inserir senha com mais de 6 digitos" time="0.005">
    <skipped/>
  </testcase>
  <testcase classname="Travado" name="inserir senha com mais de 6 digitos" time="0.005">
    <skipped/>
  </testcase>
  <testcase classname="Travado" name="inserir senha com mais de 6 digitos" time="0.005">
    <skipped/>
  </testcase>
  <testcase classname="Travado" name="inserir senha com mais de 6 digitos" time="0.005">
    <skipped/>
  </testcase>
  <testcase classname="Valida\u00E7\u00E3o dos numeros" name="Digitar \&quot;123\&quot;" time="0.002">
    <skipped/>
  </testcase>
  <testcase classname="Valida\u00E7\u00E3o dos numeros" name="Digitar \&quot;123\&quot;" time="0.002">
    <skipped/>
  </testcase>
  <testcase classname="Valida\u00E7\u00E3o dos numeros" name="Digitar \&quot;123\&quot;" time="0.002">
    <skipped/>
  </testcase>
  <testcase classname="Valida\u00E7\u00E3o dos numeros" name="Digitar \&quot;1234444\&quot;" time="0.001">
    <skipped/>
  </testcase>
  <testcase classname="Valida\u00E7\u00E3o dos numeros" name="Digitar \&quot;1234444\&quot;" time="0.002">
    <skipped/>
  </testcase>
  <testcase classname="Valida\u00E7\u00E3o dos numeros" name="Digitar \&quot;1234444\&quot;" time="0.002">
    <skipped/>
  </testcase>
  <testcase classname="Valida\u00E7\u00E3o dos numeros" name="Digitar \&quot;\&quot;" time="0.002">
    <skipped/>
  </testcase>
  <testcase classname="Valida\u00E7\u00E3o dos numeros" name="Digitar \&quot;\&quot;" time="0.002">
    <skipped/>
  </testcase>
  <testcase classname="Valida\u00E7\u00E3o dos numeros" name="Digitar \&quot;\&quot;" time="0.002">
    <skipped/>
  </testcase>
  <testcase classname="Valida\u00E7\u00E3o dos numeros" name="Digitar \&quot;123aaaa\&quot;" time="0.002">
    <skipped/>
  </testcase>
  <testcase classname="Valida\u00E7\u00E3o dos numeros" name="Digitar \&quot;123aaaa\&quot;" time="0.002">
    <skipped/>
  </testcase>
  <testcase classname="Valida\u00E7\u00E3o dos numeros" name="Digitar \&quot;123aaaa\&quot;" time="0.002">
    <skipped/>
  </testcase>
  <testcase classname="Valida\u00E7\u00E3o dos numeros" name="Digitar \&quot;123\&quot;" time="0.002">
    <skipped/>
  </testcase>
  <testcase classname="Valida\u00E7\u00E3o dos numeros" name="Digitar \&quot;123\&quot;" time="0.002">
    <skipped/>
  </testcase>
  <testcase classname="Valida\u00E7\u00E3o dos numeros" name="Digitar \&quot;123\&quot;" time="0.002">
    <skipped/>
  </testcase>
  <testcase classname="Valida\u00E7\u00E3o dos numeros" name="Digitar \&quot;1\&quot;" time="0.002">
    <skipped/>
  </testcase>
  <testcase classname="Valida\u00E7\u00E3o dos numeros" name="Digitar \&quot;1\&quot;" time="0.002">
    <skipped/>
  </testcase>
  <testcase classname="Valida\u00E7\u00E3o dos numeros" name="Digitar \&quot;1\&quot;" time="0.002">
    <skipped/>
  </testcase>
  <testcase classname="Valida\u00E7\u00E3o dos numeros" name="Digitar \&quot;12345\&quot;" time="0.001">
    <skipped/>
  </testcase>
  <testcase classname="Valida\u00E7\u00E3o dos numeros" name="Digitar \&quot;12345\&quot;" time="0.001">
    <skipped/>
  </testcase>
  <testcase classname="Valida\u00E7\u00E3o dos numeros" name="Digitar \&quot;12345\&quot;" time="0.001">
    <skipped/>
  </testcase>
  <testcase classname="Valida\u00E7\u00E3o dos numeros" name="Digitar \&quot;12345a\&quot;" time="0.002">
    <skipped/>
  </testcase>
  <testcase classname="Valida\u00E7\u00E3o dos numeros" name="Digitar \&quot;12345a\&quot;" time="0.002">
    <skipped/>
  </testcase>
  <testcase classname="Valida\u00E7\u00E3o dos numeros" name="Digitar \&quot;12345a\&quot;" time="0.002">
    <skipped/>
  </testcase>
  <testcase classname="Valida\u00E7\u00E3o dos numeros" name="Digitar \&quot;123999\&quot;" time="0.007">
    <skipped/>
  </testcase>
  <testcase classname="Valida\u00E7\u00E3o dos numeros" name="Digitar \&quot;123999\&quot;" time="0.007">
    <skipped/>
  </testcase>
  <testcase classname="Valida\u00E7\u00E3o dos numeros" name="Digitar \&quot;123999\&quot;" time="0.007">
    <skipped/>
  </testcase>
</testsuite>